<?xml version="1.0" encoding="UTF-8"?>
<testsuite name="com.example.KvmApplicationTests" tests="1" skipped="0" failures="0" errors="0" timestamp="2016-05-16T20:06:56" hostname="arpit-Latitude-E7450" time="0.006">
  <properties/>
  <testcase name="contextLoads" classname="com.example.KvmApplicationTests" time="0.006"/>
  <system-out><![CDATA[13:06:48.381 [Test worker] DEBUG o.s.t.c.j.SpringJUnit4ClassRunner - SpringJUnit4ClassRunner constructor called with [class com.example.KvmApplicationTests]
13:06:48.393 [Test worker] DEBUG o.s.test.context.BootstrapUtils - Instantiating CacheAwareContextLoaderDelegate from class [org.springframework.test.context.cache.DefaultCacheAwareContextLoaderDelegate]
13:06:48.407 [Test worker] DEBUG o.s.test.context.BootstrapUtils - Instantiating BootstrapContext using constructor [public org.springframework.test.context.support.DefaultBootstrapContext(java.lang.Class,org.springframework.test.context.CacheAwareContextLoaderDelegate)]
13:06:48.437 [Test worker] DEBUG o.s.test.context.BootstrapUtils - Instantiating TestContextBootstrapper for test class [com.example.KvmApplicationTests] from class [org.springframework.test.context.web.WebTestContextBootstrapper]
13:06:48.494 [Test worker] DEBUG o.s.t.c.w.WebTestContextBootstrapper - Found explicit ContextLoader class [org.springframework.boot.test.SpringApplicationContextLoader] for context configuration attributes [ContextConfigurationAttributes@6b0fc0ed declaringClass = 'com.example.KvmApplicationTests', classes = '{class com.example.KvmApplication}', locations = '{}', inheritLocations = true, initializers = '{}', inheritInitializers = true, name = [null], contextLoaderClass = 'org.springframework.boot.test.SpringApplicationContextLoader']
13:06:48.510 [Test worker] DEBUG o.s.t.c.s.AbstractContextLoader - Did not detect default resource location for test class [com.example.KvmApplicationTests]: class path resource [com/example/KvmApplicationTests-context.xml] does not exist
13:06:48.511 [Test worker] DEBUG o.s.t.c.s.AbstractContextLoader - Did not detect default resource location for test class [com.example.KvmApplicationTests]: class path resource [com/example/KvmApplicationTestsContext.groovy] does not exist
13:06:48.512 [Test worker] INFO  o.s.t.c.s.AbstractContextLoader - Could not detect default resource locations for test class [com.example.KvmApplicationTests]: no resource found for suffixes {-context.xml, Context.groovy}.
13:06:48.517 [Test worker] DEBUG o.s.t.c.support.ActiveProfilesUtils - Could not find an 'annotation declaring class' for annotation type [org.springframework.test.context.ActiveProfiles] and class [com.example.KvmApplicationTests]
13:06:48.525 [Test worker] DEBUG o.s.t.c.w.WebTestContextBootstrapper - @TestExecutionListeners is not present for class [com.example.KvmApplicationTests]: using defaults.
13:06:48.544 [Test worker] INFO  o.s.t.c.w.WebTestContextBootstrapper - Loaded default TestExecutionListener class names from location [META-INF/spring.factories]: [org.springframework.test.context.web.ServletTestExecutionListener, org.springframework.test.context.support.DirtiesContextBeforeModesTestExecutionListener, org.springframework.test.context.support.DependencyInjectionTestExecutionListener, org.springframework.test.context.support.DirtiesContextTestExecutionListener, org.springframework.test.context.transaction.TransactionalTestExecutionListener, org.springframework.test.context.jdbc.SqlScriptsTestExecutionListener]
13:06:48.562 [Test worker] INFO  o.s.t.c.w.WebTestContextBootstrapper - Could not instantiate TestExecutionListener [org.springframework.test.context.transaction.TransactionalTestExecutionListener]. Specify custom listener classes or make the default listener classes (and their required dependencies) available. Offending class: [org/springframework/transaction/TransactionDefinition]
13:06:48.565 [Test worker] INFO  o.s.t.c.w.WebTestContextBootstrapper - Could not instantiate TestExecutionListener [org.springframework.test.context.jdbc.SqlScriptsTestExecutionListener]. Specify custom listener classes or make the default listener classes (and their required dependencies) available. Offending class: [org/springframework/transaction/interceptor/TransactionAttribute]
13:06:48.570 [Test worker] INFO  o.s.t.c.w.WebTestContextBootstrapper - Using TestExecutionListeners: [org.springframework.test.context.web.ServletTestExecutionListener@27217cd1, org.springframework.test.context.support.DirtiesContextBeforeModesTestExecutionListener@5c10dd17, org.springframework.test.context.support.DependencyInjectionTestExecutionListener@1f6bb241, org.springframework.test.context.support.DirtiesContextTestExecutionListener@1297f2f2]
13:06:48.580 [Test worker] DEBUG o.s.t.annotation.ProfileValueUtils - Retrieved @ProfileValueSourceConfiguration [null] for test class [com.example.KvmApplicationTests]
13:06:48.582 [Test worker] DEBUG o.s.t.annotation.ProfileValueUtils - Retrieved ProfileValueSource type [class org.springframework.test.annotation.SystemProfileValueSource] for class [com.example.KvmApplicationTests]
13:06:48.586 [Test worker] DEBUG o.s.t.annotation.ProfileValueUtils - Retrieved @ProfileValueSourceConfiguration [null] for test class [com.example.KvmApplicationTests]
13:06:48.588 [Test worker] DEBUG o.s.t.annotation.ProfileValueUtils - Retrieved ProfileValueSource type [class org.springframework.test.annotation.SystemProfileValueSource] for class [com.example.KvmApplicationTests]
13:06:48.600 [Test worker] DEBUG o.s.t.c.s.AbstractDirtiesContextTestExecutionListener - Before test class: context [DefaultTestContext@fc8b015 testClass = KvmApplicationTests, testInstance = [null], testMethod = [null], testException = [null], mergedContextConfiguration = [WebMergedContextConfiguration@3af5c3a0 testClass = KvmApplicationTests, locations = '{}', classes = '{class com.example.KvmApplication}', contextInitializerClasses = '[]', activeProfiles = '{}', propertySourceLocations = '{}', propertySourceProperties = '{}', resourceBasePath = 'src/main/webapp', contextLoader = 'org.springframework.boot.test.SpringApplicationContextLoader', parent = [null]]], class annotated with @DirtiesContext [false] with mode [null].
13:06:48.603 [Test worker] DEBUG o.s.t.annotation.ProfileValueUtils - Retrieved @ProfileValueSourceConfiguration [null] for test class [com.example.KvmApplicationTests]
13:06:48.604 [Test worker] DEBUG o.s.t.annotation.ProfileValueUtils - Retrieved ProfileValueSource type [class org.springframework.test.annotation.SystemProfileValueSource] for class [com.example.KvmApplicationTests]
13:06:48.800 [Test worker] DEBUG o.s.core.env.StandardEnvironment - Adding [systemProperties] PropertySource with lowest search precedence
13:06:48.805 [Test worker] DEBUG o.s.core.env.StandardEnvironment - Adding [systemEnvironment] PropertySource with lowest search precedence
13:06:48.806 [Test worker] DEBUG o.s.core.env.StandardEnvironment - Initialized StandardEnvironment with PropertySources [systemProperties,systemEnvironment]
13:06:48.810 [Test worker] DEBUG o.s.core.env.StandardEnvironment - Adding [integrationTest] PropertySource with search precedence immediately lower than [systemEnvironment]

  .   ____          _            __ _ _
 /\\ / ___'_ __ _ _(_)_ __  __ _ \ \ \ \
( ( )\___ | '_ | '_| | '_ \/ _` | \ \ \ \
 \\/  ___)| |_)| | | | | || (_| |  ) ) ) )
  '  |____| .__|_| |_|_| |_\__, | / / / /
 =========|_|==============|___/=/_/_/_/
 :: Spring Boot ::        (v1.3.3.RELEASE)

2016-05-16 13:06:49.864  INFO 5002 --- [    Test worker] com.example.KvmApplicationTests          : Starting KvmApplicationTests on arpit-Latitude-E7450 with PID 5002 (started by root in /home/arpit/Downloads/Untitled Folder/sla/kvm)
2016-05-16 13:06:49.867  INFO 5002 --- [    Test worker] com.example.KvmApplicationTests          : No active profile set, falling back to default profiles: default
2016-05-16 13:06:50.096  INFO 5002 --- [    Test worker] o.s.w.c.s.GenericWebApplicationContext   : Refreshing org.springframework.web.context.support.GenericWebApplicationContext@5c7f7c4c: startup date [Mon May 16 13:06:50 PDT 2016]; root of context hierarchy
2016-05-16 13:06:52.391  INFO 5002 --- [    Test worker] o.s.b.f.s.DefaultListableBeanFactory     : Overriding bean definition for bean 'beanNameViewResolver' with a different definition: replacing [Root bean: class [null]; scope=; abstract=false; lazyInit=false; autowireMode=3; dependencyCheck=0; autowireCandidate=true; primary=false; factoryBeanName=org.springframework.boot.autoconfigure.web.ErrorMvcAutoConfiguration$WhitelabelErrorViewConfiguration; factoryMethodName=beanNameViewResolver; initMethodName=null; destroyMethodName=(inferred); defined in class path resource [org/springframework/boot/autoconfigure/web/ErrorMvcAutoConfiguration$WhitelabelErrorViewConfiguration.class]] with [Root bean: class [null]; scope=; abstract=false; lazyInit=false; autowireMode=3; dependencyCheck=0; autowireCandidate=true; primary=false; factoryBeanName=org.springframework.boot.autoconfigure.web.WebMvcAutoConfiguration$WebMvcAutoConfigurationAdapter; factoryMethodName=beanNameViewResolver; initMethodName=null; destroyMethodName=(inferred); defined in class path resource [org/springframework/boot/autoconfigure/web/WebMvcAutoConfiguration$WebMvcAutoConfigurationAdapter.class]]
2016-05-16 13:06:55.282  INFO 5002 --- [    Test worker] s.w.s.m.m.a.RequestMappingHandlerAdapter : Looking for @ControllerAdvice: org.springframework.web.context.support.GenericWebApplicationContext@5c7f7c4c: startup date [Mon May 16 13:06:50 PDT 2016]; root of context hierarchy
2016-05-16 13:06:55.491  INFO 5002 --- [    Test worker] s.w.s.m.m.a.RequestMappingHandlerMapping : Mapped "{[/vm],methods=[POST],produces=[application/json]}" onto public org.springframework.http.ResponseEntity com.example.RestController.createVM(javax.servlet.http.HttpServletRequest,com.example.VMDTO) throws org.libvirt.LibvirtException
2016-05-16 13:06:55.499  INFO 5002 --- [    Test worker] s.w.s.m.m.a.RequestMappingHandlerMapping : Mapped "{[/vmstats],methods=[GET],produces=[application/json]}" onto public org.springframework.http.ResponseEntity com.example.RestController.getVmStats(javax.servlet.http.HttpServletRequest) throws org.libvirt.LibvirtException
2016-05-16 13:06:55.501  INFO 5002 --- [    Test worker] s.w.s.m.m.a.RequestMappingHandlerMapping : Mapped "{[/vmlist],methods=[GET],produces=[application/json]}" onto public org.springframework.http.ResponseEntity com.example.RestController.getVmlist(javax.servlet.http.HttpServletRequest) throws org.libvirt.LibvirtException,java.io.IOException
2016-05-16 13:06:55.505  INFO 5002 --- [    Test worker] s.w.s.m.m.a.RequestMappingHandlerMapping : Mapped "{[/vmxml],methods=[GET],produces=[application/json]}" onto public org.springframework.http.ResponseEntity com.example.RestController.getVMDetails(javax.servlet.http.HttpServletRequest) throws java.io.IOException,org.libvirt.LibvirtException
2016-05-16 13:06:55.508  INFO 5002 --- [    Test worker] s.w.s.m.m.a.RequestMappingHandlerMapping : Mapped "{[/cachedetails],methods=[GET],produces=[application/json]}" onto public org.springframework.http.ResponseEntity com.example.RestController.getCacheDetails(javax.servlet.http.HttpServletRequest) throws java.io.IOException
2016-05-16 13:06:55.510  INFO 5002 --- [    Test worker] s.w.s.m.m.a.RequestMappingHandlerMapping : Mapped "{[/power/{vmName}],methods=[PUT],produces=[application/json]}" onto public org.springframework.http.ResponseEntity com.example.RestController.updatePower(javax.servlet.http.HttpServletRequest,java.lang.String) throws org.libvirt.LibvirtException
2016-05-16 13:06:55.512  INFO 5002 --- [    Test worker] s.w.s.m.m.a.RequestMappingHandlerMapping : Mapped "{[/sdk],methods=[GET],produces=[application/octet-stream]}" onto public void com.example.RestController.getFile(javax.servlet.http.HttpServletRequest,javax.servlet.http.HttpServletResponse)
2016-05-16 13:06:55.522  INFO 5002 --- [    Test worker] s.w.s.m.m.a.RequestMappingHandlerMapping : Mapped "{[/error],produces=[text/html]}" onto public org.springframework.web.servlet.ModelAndView org.springframework.boot.autoconfigure.web.BasicErrorController.errorHtml(javax.servlet.http.HttpServletRequest,javax.servlet.http.HttpServletResponse)
2016-05-16 13:06:55.525  INFO 5002 --- [    Test worker] s.w.s.m.m.a.RequestMappingHandlerMapping : Mapped "{[/error]}" onto public org.springframework.http.ResponseEntity<java.util.Map<java.lang.String, java.lang.Object>> org.springframework.boot.autoconfigure.web.BasicErrorController.error(javax.servlet.http.HttpServletRequest)
2016-05-16 13:06:55.631  INFO 5002 --- [    Test worker] o.s.w.s.handler.SimpleUrlHandlerMapping  : Mapped URL path [/webjars/**] onto handler of type [class org.springframework.web.servlet.resource.ResourceHttpRequestHandler]
2016-05-16 13:06:55.633  INFO 5002 --- [    Test worker] o.s.w.s.handler.SimpleUrlHandlerMapping  : Mapped URL path [/**] onto handler of type [class org.springframework.web.servlet.resource.ResourceHttpRequestHandler]
2016-05-16 13:06:55.760  INFO 5002 --- [    Test worker] o.s.w.s.handler.SimpleUrlHandlerMapping  : Mapped URL path [/**/favicon.ico] onto handler of type [class org.springframework.web.servlet.resource.ResourceHttpRequestHandler]
2016-05-16 13:06:56.149  INFO 5002 --- [    Test worker] com.example.KvmApplicationTests          : Started KvmApplicationTests in 7.285 seconds (JVM running for 10.415)
]]></system-out>
  <system-err><![CDATA[]]></system-err>
</testsuite>
